// 同步 ID: 4c17eb85 @ Tue Jun 23 23:13:23 UTC 2026
// 重构日志: 85eae4e8
// 重构日志: a59998c1
// 同步 ID: 05dae44c @ Wed Jun 24 12:21:11 UTC 2026
// 同步 ID: fe563a80 @ Wed Jun 24 17:36:34 UTC 2026
// 同步 ID: 3ba2667b @ Thu Jun 25 05:20:21 UTC 2026
// 同步 ID: 3fa3075c @ Thu Jun 25 17:53:18 UTC 2026
// 重构日志: a24c88b7
// 重构日志: 03ecadf7
// 重构日志: 9541cf01
// 重构日志: 8fa530a5
// 同步 ID: e8373f94 @ Sun Jun 28 06:28:12 UTC 2026
// 同步 ID: bf8fa582 @ Sun Jun 28 15:01:12 UTC 2026
// 重构日志: ebbbca7e
// 重构日志: d1791b5b
// 同步 ID: 35d50dcf @ Wed Jul  1 13:04:09 UTC 2026
// 重构日志: 81bc116e
// 同步 ID: 1090f910 @ Thu Jul  2 05:30:36 UTC 2026
// 重构日志: 0670ec23
// 重构日志: a1910aec
// 重构日志: 3e75856a
// 重构日志: 60d99462
// 重构日志: 34867dba
// 同步 ID: fa562d5b @ Tue Jul  7 05:04:32 UTC 2026
// 重构日志: 58b17551
// 重构日志: 122c17f2
// 同步 ID: 7f2c9536 @ Wed Jul  8 00:40:52 UTC 2026
// 重构日志: d1318380
// 重构日志: e3168538
// 同步 ID: f0daccd5 @ Sat Jul 11 14:34:34 UTC 2026
// 重构日志: 42a69e6c
